<?xml version="1.0" encoding="UTF-8"?>
<!-- Generated by org.testng.reporters.JUnitXMLReporter -->
<testsuite hostname="DESKTOP-5U3VNSK" ignored="0" name="Default test" tests="5" failures="0" timestamp="2019-12-05T16:49:38 PKT" time="67.075" errors="0">
  <testcase name="tc1" time="14.051" classname="testapk.testcases"/>
  <testcase name="tc2" time="14.84" classname="testapk.testcases"/>
  <testcase name="tc3" time="12.874" classname="testapk.testcases"/>
  <testcase name="tc4" time="14.094" classname="testapk.testcases"/>
  <testcase name="tc5" time="11.065" classname="testapk.testcases"/>
</testsuite> <!-- Default test -->
