<?xml version="1.0" encoding="UTF-8"?>
<!-- Generated by org.testng.reporters.JUnitXMLReporter -->
<testsuite hostname="DESKTOP-5U3VNSK" ignored="0" name="Test" tests="5" failures="0" timestamp="2019-12-05T20:31:02 PKT" time="75.399" errors="0">
  <testcase name="tc1" time="20.168" classname="testapk.testcases"/>
  <testcase name="tc2" time="16.22" classname="testapk.testcases"/>
  <testcase name="tc3" time="13.121" classname="testapk.testcases"/>
  <testcase name="tc4" time="14.165" classname="testapk.testcases"/>
  <testcase name="tc5" time="11.355" classname="testapk.testcases"/>
</testsuite> <!-- Test -->
