<?xml version="1.0" encoding="UTF-8"?>
<testng-results skipped="0" failed="0" ignored="0" total="5" passed="5">
  <reporter-output>
  </reporter-output>
  <suite name="Default suite" duration-ms="67075" started-at="2019-12-05T16:48:31 PKT" finished-at="2019-12-05T16:49:38 PKT">
    <groups>
    </groups>
    <test name="Default test" duration-ms="67075" started-at="2019-12-05T16:48:31 PKT" finished-at="2019-12-05T16:49:38 PKT">
      <class name="testapk.testcases">
        <test-method status="PASS" signature="tc1()[pri:1, instance:testapk.testcases@3ce1e309]" name="tc1" duration-ms="14051" started-at="2019-12-05T16:48:31 PKT" finished-at="2019-12-05T16:48:45 PKT">
          <reporter-output>
          </reporter-output>
        </test-method> <!-- tc1 -->
        <test-method status="PASS" signature="tc2()[pri:2, instance:testapk.testcases@3ce1e309]" name="tc2" duration-ms="14840" started-at="2019-12-05T16:48:45 PKT" finished-at="2019-12-05T16:49:00 PKT">
          <reporter-output>
          </reporter-output>
        </test-method> <!-- tc2 -->
        <test-method status="PASS" signature="tc3()[pri:3, instance:testapk.testcases@3ce1e309]" name="tc3" duration-ms="12874" started-at="2019-12-05T16:49:00 PKT" finished-at="2019-12-05T16:49:12 PKT">
          <reporter-output>
          </reporter-output>
        </test-method> <!-- tc3 -->
        <test-method status="PASS" signature="tc4()[pri:4, instance:testapk.testcases@3ce1e309]" name="tc4" duration-ms="14094" started-at="2019-12-05T16:49:12 PKT" finished-at="2019-12-05T16:49:27 PKT">
          <reporter-output>
          </reporter-output>
        </test-method> <!-- tc4 -->
        <test-method status="PASS" signature="tc5()[pri:5, instance:testapk.testcases@3ce1e309]" name="tc5" duration-ms="11065" started-at="2019-12-05T16:49:27 PKT" finished-at="2019-12-05T16:49:38 PKT">
          <reporter-output>
          </reporter-output>
        </test-method> <!-- tc5 -->
      </class> <!-- testapk.testcases -->
    </test> <!-- Default test -->
  </suite> <!-- Default suite -->
</testng-results>
